<?xml version="1.0" encoding="UTF-8"?>
<testng-results skipped="0" failed="0" ignored="0" total="1" passed="1">
  <reporter-output>
  </reporter-output>
  <suite name="Default suite" duration-ms="61" started-at="2019-02-23T06:48:15Z" finished-at="2019-02-23T06:48:15Z">
    <groups>
    </groups>
    <test name="Default test" duration-ms="61" started-at="2019-02-23T06:48:15Z" finished-at="2019-02-23T06:48:15Z">
      <class name="Tests.DynamicXPathTemplate">
        <test-method status="PASS" signature="testDynamicXpath()[pri:0, instance:Tests.DynamicXPathTemplate@61832929]" name="testDynamicXpath" duration-ms="22" started-at="2019-02-23T06:48:15Z" finished-at="2019-02-23T06:48:15Z">
          <reporter-output>
          </reporter-output>
        </test-method> <!-- testDynamicXpath -->
      </class> <!-- Tests.DynamicXPathTemplate -->
    </test> <!-- Default test -->
  </suite> <!-- Default suite -->
</testng-results>
